# JRE version: Java(TM) SE Runtime Environment (8.0_65-b17) (build 1.8.0_65-b17)
# Java VM: Java HotSpot(TM) Client VM (25.65-b01 mixed mode windows-x86 )
Heap:
 def new generation   total 25600K, used 23048K [0x0f200000, 0x10dc0000, 0x14750000)
  eden space 22784K,  96% used [0x0f200000, 0x10773268, 0x10840000)
  from space 2816K,  38% used [0x10840000, 0x1094edc0, 0x10b00000)
  to   space 2816K,   0% used [0x10b00000, 0x10b00000, 0x10dc0000)
 tenured generation   total 56796K, used 33926K [0x14750000, 0x17ec7000, 0x1f200000)
   the space 56796K,  59% used [0x14750000, 0x16871a20, 0x16871c00, 0x17ec7000)
 Metaspace       used 45250K, capacity 47547K, committed 47616K, reserved 48512K
GC Heap History (10 events):
Event: 588.728 GC heap before
{Heap before GC invocations=195 (full 8):
 def new generation   total 25600K, used 25008K [0x0f200000, 0x10dc0000, 0x14750000)
  eden space 22784K, 100% used [0x0f200000, 0x10840000, 0x10840000)
  from space 2816K,  79% used [0x10b00000, 0x10d2c388, 0x10dc0000)
  to   space 2816K,   0% used [0x10840000, 0x10840000, 0x10b00000)
 tenured generation   total 56796K, used 31091K [0x14750000, 0x17ec7000, 0x1f200000)
   the space 56796K,  54% used [0x14750000, 0x165acf20, 0x165ad000, 0x17ec7000)
 Metaspace       used 45077K, capacity 47357K, committed 47488K, reserved 47488K
Event: 588.734 GC heap after
Heap after GC invocations=196 (full 8):
 def new generation   total 25600K, used 1174K [0x0f200000, 0x10dc0000, 0x14750000)
  eden space 22784K,   0% used [0x0f200000, 0x0f200000, 0x10840000)
  from space 2816K,  41% used [0x10840000, 0x10965b20, 0x10b00000)
  to   space 2816K,   0% used [0x10b00000, 0x10b00000, 0x10dc0000)
 tenured generation   total 56796K, used 31961K [0x14750000, 0x17ec7000, 0x1f200000)
   the space 56796K,  56% used [0x14750000, 0x16686778, 0x16686800, 0x17ec7000)
 Metaspace       used 45077K, capacity 47357K, committed 47488K, reserved 47488K
}
Event: 588.871 GC heap before
{Heap before GC invocations=196 (full 8):
 def new generation   total 25600K, used 23958K [0x0f200000, 0x10dc0000, 0x14750000)
  eden space 22784K, 100% used [0x0f200000, 0x10840000, 0x10840000)
  from space 2816K,  41% used [0x10840000, 0x10965b20, 0x10b00000)
  to   space 2816K,   0% used [0x10b00000, 0x10b00000, 0x10dc0000)
 tenured generation   total 56796K, used 31961K [0x14750000, 0x17ec7000, 0x1f200000)
   the space 56796K,  56% used [0x14750000, 0x16686778, 0x16686800, 0x17ec7000)
 Metaspace       used 45082K, capacity 47365K, committed 47488K, reserved 47488K
Event: 588.877 GC heap after
Heap after GC invocations=197 (full 8):
 def new generation   total 25600K, used 1915K [0x0f200000, 0x10dc0000, 0x14750000)
  eden space 22784K,   0% used [0x0f200000, 0x0f200000, 0x10840000)
  from space 2816K,  68% used [0x10b00000, 0x10cdedf8, 0x10dc0000)
  to   space 2816K,   0% used [0x10840000, 0x10840000, 0x10b00000)
 tenured generation   total 56796K, used 31961K [0x14750000, 0x17ec7000, 0x1f200000)
   the space 56796K,  56% used [0x14750000, 0x16686778, 0x16686800, 0x17ec7000)
 Metaspace       used 45082K, capacity 47365K, committed 47488K, reserved 47488K
}
Event: 589.134 GC heap before
{Heap before GC invocations=197 (full 8):
 def new generation   total 25600K, used 24699K [0x0f200000, 0x10dc0000, 0x14750000)
  eden space 22784K, 100% used [0x0f200000, 0x10840000, 0x10840000)
  from space 2816K,  68% used [0x10b00000, 0x10cdedf8, 0x10dc0000)
  to   space 2816K,   0% used [0x10840000, 0x10840000, 0x10b00000)
 tenured generation   total 56796K, used 31961K [0x14750000, 0x17ec7000, 0x1f200000)
   the space 56796K,  56% used [0x14750000, 0x16686778, 0x16686800, 0x17ec7000)
 Metaspace       used 45177K, capacity 47434K, committed 47488K, reserved 47488K
Event: 589.141 GC heap after
Heap after GC invocations=198 (full 8):
 def new generation   total 25600K, used 1603K [0x0f200000, 0x10dc0000, 0x14750000)
  eden space 22784K,   0% used [0x0f200000, 0x0f200000, 0x10840000)
  from space 2816K,  56% used [0x10840000, 0x109d0c70, 0x10b00000)
  to   space 2816K,   0% used [0x10b00000, 0x10b00000, 0x10dc0000)
 tenured generation   total 56796K, used 32589K [0x14750000, 0x17ec7000, 0x1f200000)
   the space 56796K,  57% used [0x14750000, 0x16723540, 0x16723600, 0x17ec7000)
 Metaspace       used 45177K, capacity 47434K, committed 47488K, reserved 47488K
}
Event: 589.417 GC heap before
{Heap before GC invocations=198 (full 8):
 def new generation   total 25600K, used 24382K [0x0f200000, 0x10dc0000, 0x14750000)
  eden space 22784K,  99% used [0x0f200000, 0x1083ebd0, 0x10840000)
  from space 2816K,  56% used [0x10840000, 0x109d0c70, 0x10b00000)
  to   space 2816K,   0% used [0x10b00000, 0x10b00000, 0x10dc0000)
 tenured generation   total 56796K, used 32589K [0x14750000, 0x17ec7000, 0x1f200000)
   the space 56796K,  57% used [0x14750000, 0x16723540, 0x16723600, 0x17ec7000)
 Metaspace       used 45214K, capacity 47473K, committed 47488K, reserved 47488K
Event: 589.426 GC heap after
Heap after GC invocations=199 (full 8):
 def new generation   total 25600K, used 1847K [0x0f200000, 0x10dc0000, 0x14750000)
  eden space 22784K,   0% used [0x0f200000, 0x0f200000, 0x10840000)
  from space 2816K,  65% used [0x10b00000, 0x10ccdcb0, 0x10dc0000)
  to   space 2816K,   0% used [0x10840000, 0x10840000, 0x10b00000)
 tenured generation   total 56796K, used 33270K [0x14750000, 0x17ec7000, 0x1f200000)
   the space 56796K,  58% used [0x14750000, 0x167cda00, 0x167cda00, 0x17ec7000)
 Metaspace       used 45214K, capacity 47473K, committed 47488K, reserved 47488K
}
Event: 589.432 GC heap before
{Heap before GC invocations=199 (full 8):
 def new generation   total 25600K, used 24568K [0x0f200000, 0x10dc0000, 0x14750000)
  eden space 22784K,  99% used [0x0f200000, 0x10830630, 0x10840000)
  from space 2816K,  65% used [0x10b00000, 0x10ccdcb0, 0x10dc0000)
  to   space 2816K,   0% used [0x10840000, 0x10840000, 0x10b00000)
 tenured generation   total 56796K, used 33270K [0x14750000, 0x17ec7000, 0x1f200000)
   the space 56796K,  58% used [0x14750000, 0x167cda00, 0x167cda00, 0x17ec7000)
 Metaspace       used 45214K, capacity 47473K, committed 47488K, reserved 47488K
Event: 589.438 GC heap after
Heap after GC invocations=200 (full 8):
 def new generation   total 25600K, used 1083K [0x0f200000, 0x10dc0000, 0x14750000)
  eden space 22784K,   0% used [0x0f200000, 0x0f200000, 0x10840000)
  from space 2816K,  38% used [0x10840000, 0x1094edc0, 0x10b00000)
  to   space 2816K,   0% used [0x10b00000, 0x10b00000, 0x10dc0000)
 tenured generation   total 56796K, used 33926K [0x14750000, 0x17ec7000, 0x1f200000)
   the space 56796K,  59% used [0x14750000, 0x16871a20, 0x16871c00, 0x17ec7000)
 Metaspace       used 45214K, capacity 47473K, committed 47488K, reserved 47488K
}

